Watching for file changes with StatReloader
Watching for file changes with StatReloader
2024-10-10 12:22:32 Отправка сообщения через форму. A:kristal.as@phystech.edu, Text:Аккаунт с именем пользователя: alex3000 был зарегистрирован на сайте https://mipt.site

Если это были вы, перейдите по ссылке для подтверждения аккаунта: https://mipt.site/proof/ksbd23n

Если это были не вы, перейдите по ссылке для отмены регистрации: https://mipt.site/cancel/sdfvf43

С уважением,
Сервис бронирования аудиторий МФТИ
info@mipt.site
https://mipt.site, Title:Регистрация нового пользователя alex3000
"POST /send_email/ HTTP/1.1" 200 37
"POST /send_email/ HTTP/1.1" 200 37
2024-10-10 12:25:31 Отправка сообщения через форму. A:kristal.as@phystech.edu, Text:Аккаунт с именем пользователя: alex3001 был зарегистрирован на сайте https://mipt.site

Если это были вы, перейдите по ссылке для подтверждения аккаунта: https://mipt.site/proof/ksbd23n

Если это были не вы, перейдите по ссылке для отмены регистрации: https://mipt.site/cancel/sdfvf43

С уважением,
Сервис бронирования аудиторий МФТИ
info@mipt.site
https://mipt.site, Title:Регистрация нового пользователя alex3001
"POST /send_email/ HTTP/1.1" 200 37
"POST /send_email/ HTTP/1.1" 200 37
2024-10-10 12:30:36 Отправка сообщения через форму. A:kristal.as@phystech.edu, Text:Уважаемый, st2257,

Вы забронировали аудиторию на сайте бронирования аудиторий МФТИ https://mipt.site

Параметры бронирования:
Номер аудитории: 414
Номер пары бронирования: 3
Число списанных баллов бронирования: 0

С уважением,
Сервис бронирования аудиторий МФТИ
info@mipt.site
https://mipt.site, Title:Бронирование аудитории 414ГК
"POST /send_email/ HTTP/1.1" 200 37
"POST /send_email/ HTTP/1.1" 200 37
2024-10-10 12:30:38 Отправка сообщения через форму. A:kristal.as@phystech.edu, Text:Уважаемый, st2257,

Вы отменили бронирование аудитории 414ГК

С уважением,
Сервис бронирования аудиторий МФТИ
info@mipt.site
https://mipt.site, Title:Прекращение бронирования аудитории 414
"POST /send_email/ HTTP/1.1" 200 37
"POST /send_email/ HTTP/1.1" 200 37
Watching for file changes with StatReloader
Watching for file changes with StatReloader
Watching for file changes with StatReloader
Watching for file changes with StatReloader
2024-10-10 13:15:59 Отправка сообщения через форму. A:kristal.as@phystech.edu, Text:Уважаемый, alex2024,

Вы забронировали аудиторию на сайте бронирования аудиторий МФТИ https://mipt.site

Параметры бронирования:
Номер аудитории: 411
Номер пары бронирования: 4
Число списанных баллов бронирования: 0

С уважением,
Сервис бронирования аудиторий МФТИ
info@mipt.site
https://mipt.site, Title:Бронирование аудитории 411ГК
"POST /send_email/ HTTP/1.1" 200 37
"POST /send_email/ HTTP/1.1" 200 37
2024-10-10 13:16:01 Отправка сообщения через форму. A:kristal.as@phystech.edu, Text:Уважаемый, alex2024,

Вы отменили бронирование аудитории 411ГК

С уважением,
Сервис бронирования аудиторий МФТИ
info@mipt.site
https://mipt.site, Title:Прекращение бронирования аудитории 411
"POST /send_email/ HTTP/1.1" 200 37
"POST /send_email/ HTTP/1.1" 200 37
2024-10-10 13:19:00 Отправка сообщения через форму. A:kristal.as@phystech.edu, Text:Аккаунт с именем пользователя: user101 был зарегистрирован на сайте https://mipt.site

Если это были вы, перейдите по ссылке для подтверждения аккаунта: https://mipt.site/proof/ksbd23n

Если это были не вы, перейдите по ссылке для отмены регистрации: https://mipt.site/cancel/sdfvf43

С уважением,
Сервис бронирования аудиторий МФТИ
info@mipt.site
https://mipt.site, Title:Регистрация нового пользователя user101
"POST /send_email/ HTTP/1.1" 200 37
"POST /send_email/ HTTP/1.1" 200 37
2024-10-10 13:24:47 Отправка сообщения через форму. A:kristal.as@phystech.edu, Text:Аккаунт с именем пользователя: user102 был зарегистрирован на сайте https://mipt.site

Если это были вы, перейдите по ссылке для подтверждения аккаунта: https://mipt.site/proof/ksbd23n

Если это были не вы, перейдите по ссылке для отмены регистрации: https://mipt.site/cancel/sdfvf43

С уважением,
Сервис бронирования аудиторий МФТИ
info@mipt.site
https://mipt.site, Title:Регистрация нового пользователя user102
"POST /send_email/ HTTP/1.1" 200 37
"POST /send_email/ HTTP/1.1" 200 37
2024-10-10 13:25:30 Отправка сообщения через форму. A:kristal.as@phystech.edu, Text:Аккаунт с именем пользователя: user103 был зарегистрирован на сайте https://mipt.site

Если это были вы, перейдите по ссылке для подтверждения аккаунта: https://mipt.site/proof/ksbd23n

Если это были не вы, перейдите по ссылке для отмены регистрации: https://mipt.site/cancel/sdfvf43

С уважением,
Сервис бронирования аудиторий МФТИ
info@mipt.site
https://mipt.site, Title:Регистрация нового пользователя user103
"POST /send_email/ HTTP/1.1" 200 37
"POST /send_email/ HTTP/1.1" 200 37
2024-10-10 13:27:32 Отправка сообщения через форму. A:kristal.as@phystech.edu, Text:Аккаунт с именем пользователя: user104 был зарегистрирован на сайте https://mipt.site

Если это были вы, перейдите по ссылке для подтверждения аккаунта: https://mipt.site/proof/ksbd23n

Если это были не вы, перейдите по ссылке для отмены регистрации: https://mipt.site/cancel/sdfvf43

С уважением,
Сервис бронирования аудиторий МФТИ
info@mipt.site
https://mipt.site, Title:Регистрация нового пользователя user104
"POST /send_email/ HTTP/1.1" 200 37
"POST /send_email/ HTTP/1.1" 200 37
2024-10-10 13:31:16 Отправка сообщения через форму. A:kristal.as@phystech.edu, Text:Аккаунт с именем пользователя: user105 был зарегистрирован на сайте https://mipt.site

Если это были вы, перейдите по ссылке для подтверждения аккаунта: https://mipt.site/proof/ksbd23n

Если это были не вы, перейдите по ссылке для отмены регистрации: https://mipt.site/cancel/sdfvf43

С уважением,
Сервис бронирования аудиторий МФТИ
info@mipt.site
https://mipt.site, Title:Регистрация нового пользователя user105
"POST /send_email/ HTTP/1.1" 200 37
"POST /send_email/ HTTP/1.1" 200 37
2024-10-10 13:34:51 Отправка сообщения через форму. A:kristal.as@phystech.edu, Text:Аккаунт с именем пользователя: user106 был зарегистрирован на сайте https://mipt.site

Если это были вы, перейдите по ссылке для подтверждения аккаунта: https://mipt.site/proof/ksbd23n

Если это были не вы, перейдите по ссылке для отмены регистрации: https://mipt.site/cancel/sdfvf43

С уважением,
Сервис бронирования аудиторий МФТИ
info@mipt.site
https://mipt.site, Title:Регистрация нового пользователя user106
"POST /send_email/ HTTP/1.1" 200 37
"POST /send_email/ HTTP/1.1" 200 37
2024-10-10 13:36:48 Отправка сообщения через форму. A:kristal.as@phystech.edu, Text:Уважаемый, user106,

Вы забронировали аудиторию на сайте бронирования аудиторий МФТИ https://mipt.site

Параметры бронирования:
Номер аудитории: 413
Номер пары бронирования: 3
Число списанных баллов бронирования: 0

С уважением,
Сервис бронирования аудиторий МФТИ
info@mipt.site
https://mipt.site, Title:Бронирование аудитории 413ГК
"POST /send_email/ HTTP/1.1" 200 37
"POST /send_email/ HTTP/1.1" 200 37
2024-10-10 13:36:52 Отправка сообщения через форму. A:kristal.as@phystech.edu, Text:Уважаемый, user106,

Вы отменили бронирование аудитории 413ГК

С уважением,
Сервис бронирования аудиторий МФТИ
info@mipt.site
https://mipt.site, Title:Прекращение бронирования аудитории 413
"POST /send_email/ HTTP/1.1" 200 37
"POST /send_email/ HTTP/1.1" 200 37
2024-10-10 13:37:47 Отправка сообщения через форму. A:reimova.ar@phystech.edu, Text:Уважаемый, aminareimova,

Вы забронировали аудиторию на сайте бронирования аудиторий МФТИ https://mipt.site

Параметры бронирования:
Номер аудитории: 517
Номер пары бронирования: 4
Число списанных баллов бронирования: 0

С уважением,
Сервис бронирования аудиторий МФТИ
info@mipt.site
https://mipt.site, Title:Бронирование аудитории 517ГК
"POST /send_email/ HTTP/1.1" 200 37
"POST /send_email/ HTTP/1.1" 200 37
2024-10-10 13:38:22 Отправка сообщения через форму. A:reimova.ar@phystech.edu, Text:Уважаемый, aminareimova,

Вы отменили бронирование аудитории 517ГК

С уважением,
Сервис бронирования аудиторий МФТИ
info@mipt.site
https://mipt.site, Title:Прекращение бронирования аудитории 517
"POST /send_email/ HTTP/1.1" 200 37
"POST /send_email/ HTTP/1.1" 200 37
2024-10-10 13:38:24 Отправка сообщения через форму. A:reimova.ar@phystech.edu, Text:Уважаемый, aminareimova,

Вы отменили бронирование аудитории 515ГК

С уважением,
Сервис бронирования аудиторий МФТИ
info@mipt.site
https://mipt.site, Title:Прекращение бронирования аудитории 515
"POST /send_email/ HTTP/1.1" 200 37
"POST /send_email/ HTTP/1.1" 200 37
2024-10-10 13:40:12 Отправка сообщения через форму. A:kristal.as@phystech.edu, Text:Уважаемый, alex2024,

Вы забронировали аудиторию на сайте бронирования аудиторий МФТИ https://mipt.site

Параметры бронирования:
Номер аудитории: 516
Номер пары бронирования: 3
Число списанных баллов бронирования: 0

С уважением,
Сервис бронирования аудиторий МФТИ
info@mipt.site
https://mipt.site, Title:Бронирование аудитории 516ГК
"POST /send_email/ HTTP/1.1" 200 37
"POST /send_email/ HTTP/1.1" 200 37
2024-10-10 13:40:31 Отправка сообщения через форму. A:kristal.as@phystech.edu, Text:Уважаемый, alex2024,

Вы отменили бронирование аудитории 516ГК

С уважением,
Сервис бронирования аудиторий МФТИ
info@mipt.site
https://mipt.site, Title:Прекращение бронирования аудитории 516
"POST /send_email/ HTTP/1.1" 200 37
"POST /send_email/ HTTP/1.1" 200 37
Watching for file changes with StatReloader
Watching for file changes with StatReloader
Watching for file changes with StatReloader
Watching for file changes with StatReloader
Watching for file changes with StatReloader
Watching for file changes with StatReloader
"GET /admin/login/?next=/admin/ HTTP/1.1" 200 2218
"GET /admin/login/?next=/admin/ HTTP/1.1" 200 2218
"GET /static/admin/css/base.css HTTP/1.1" 200 20344
"GET /static/admin/css/base.css HTTP/1.1" 200 20344
"GET /static/admin/css/nav_sidebar.css HTTP/1.1" 200 2619
"GET /static/admin/css/nav_sidebar.css HTTP/1.1" 200 2619
"GET /static/admin/css/dark_mode.css HTTP/1.1" 200 796
"GET /static/admin/css/dark_mode.css HTTP/1.1" 200 796
"GET /static/admin/css/login.css HTTP/1.1" 200 958
"GET /static/admin/css/login.css HTTP/1.1" 200 958
"GET /static/admin/css/responsive.css HTTP/1.1" 200 18854
"GET /static/admin/css/responsive.css HTTP/1.1" 200 18854
"GET /static/admin/css/fonts.css HTTP/1.1" 200 423
"GET /static/admin/js/nav_sidebar.js HTTP/1.1" 200 3763
"GET /static/admin/css/fonts.css HTTP/1.1" 200 423
"GET /static/admin/js/nav_sidebar.js HTTP/1.1" 200 3763
"GET /static/admin/fonts/Roboto-Regular-webfont.woff HTTP/1.1" 200 85876
"GET /static/admin/fonts/Roboto-Light-webfont.woff HTTP/1.1" 200 85692
"GET /static/admin/fonts/Roboto-Regular-webfont.woff HTTP/1.1" 200 85876
"GET /static/admin/fonts/Roboto-Light-webfont.woff HTTP/1.1" 200 85692
Not Found: /favicon.ico
Not Found: /favicon.ico
"GET /favicon.ico HTTP/1.1" 404 2679
"GET /favicon.ico HTTP/1.1" 404 2679
"POST /admin/login/?next=/admin/ HTTP/1.1" 302 0
"POST /admin/login/?next=/admin/ HTTP/1.1" 302 0
"GET /admin/ HTTP/1.1" 200 6308
"GET /admin/ HTTP/1.1" 200 6308
"GET /static/admin/css/dashboard.css HTTP/1.1" 200 380
"GET /static/admin/css/dashboard.css HTTP/1.1" 200 380
"GET /static/admin/img/icon-addlink.svg HTTP/1.1" 200 331
"GET /static/admin/img/icon-changelink.svg HTTP/1.1" 200 380
"GET /static/admin/img/icon-addlink.svg HTTP/1.1" 200 331
"GET /static/admin/img/icon-changelink.svg HTTP/1.1" 200 380
"GET /static/admin/fonts/Roboto-Bold-webfont.woff HTTP/1.1" 200 86184
"GET /static/admin/fonts/Roboto-Bold-webfont.woff HTTP/1.1" 200 86184
"GET /admin/django_celery_beat/solarschedule/ HTTP/1.1" 200 6926
"GET /admin/django_celery_beat/solarschedule/ HTTP/1.1" 200 6926
"GET /static/admin/css/changelists.css HTTP/1.1" 200 6395
"GET /static/admin/css/changelists.css HTTP/1.1" 200 6395
"GET /static/admin/js/jquery.init.js HTTP/1.1" 200 347
"GET /static/admin/js/jquery.init.js HTTP/1.1" 200 347
"GET /static/admin/js/vendor/jquery/jquery.js HTTP/1.1" 200 288580
"GET /static/admin/js/vendor/jquery/jquery.js HTTP/1.1" 200 288580
"GET /static/admin/js/actions.js HTTP/1.1" 200 7872
"GET /static/admin/js/actions.js HTTP/1.1" 200 7872
"GET /admin/jsi18n/ HTTP/1.1" 200 3343
"GET /static/admin/js/vendor/xregexp/xregexp.js HTTP/1.1" 200 232381
"GET /admin/jsi18n/ HTTP/1.1" 200 3343
"GET /static/admin/js/vendor/xregexp/xregexp.js HTTP/1.1" 200 232381
"GET /static/admin/js/core.js HTTP/1.1" 200 5698
"GET /static/admin/js/core.js HTTP/1.1" 200 5698
"GET /static/admin/js/urlify.js HTTP/1.1" 200 7902
"GET /static/admin/js/admin/RelatedObjectLookups.js HTTP/1.1" 200 8985
"GET /static/admin/js/urlify.js HTTP/1.1" 200 7902
"GET /static/admin/js/admin/RelatedObjectLookups.js HTTP/1.1" 200 8985
"GET /static/admin/js/prepopulate.js HTTP/1.1" 200 1531
"GET /static/admin/js/prepopulate.js HTTP/1.1" 200 1531
"GET /static/admin/js/filters.js HTTP/1.1" 200 966
"GET /static/admin/js/filters.js HTTP/1.1" 200 966
"GET /static/admin/img/tooltag-add.svg HTTP/1.1" 200 331
"GET /static/admin/img/tooltag-add.svg HTTP/1.1" 200 331
"GET /admin/django_celery_beat/periodictask/ HTTP/1.1" 200 10091
"GET /admin/django_celery_beat/periodictask/ HTTP/1.1" 200 10091
"GET /static/admin/img/search.svg HTTP/1.1" 200 458
"GET /static/admin/img/search.svg HTTP/1.1" 200 458
"GET /admin/jsi18n/ HTTP/1.1" 200 3343
"GET /admin/jsi18n/ HTTP/1.1" 200 3343
"GET /admin/django_celery_beat/intervalschedule/ HTTP/1.1" 200 6917
"GET /admin/django_celery_beat/intervalschedule/ HTTP/1.1" 200 6917
"GET /admin/jsi18n/ HTTP/1.1" 200 3343
"GET /admin/jsi18n/ HTTP/1.1" 200 3343
"GET /admin/auth/user/ HTTP/1.1" 200 10430
"GET /admin/auth/user/ HTTP/1.1" 200 10430
"GET /static/admin/img/search.svg HTTP/1.1" 200 458
"GET /static/admin/img/icon-yes.svg HTTP/1.1" 200 436
"GET /static/admin/img/search.svg HTTP/1.1" 200 458
"GET /static/admin/img/icon-yes.svg HTTP/1.1" 200 436
"GET /admin/jsi18n/ HTTP/1.1" 200 3343
"GET /admin/jsi18n/ HTTP/1.1" 200 3343
"GET /static/admin/img/sorting-icons.svg HTTP/1.1" 200 1097
"GET /static/admin/img/sorting-icons.svg HTTP/1.1" 200 1097
"GET /admin/auth/user/1/change/ HTTP/1.1" 200 20043
"GET /admin/auth/user/1/change/ HTTP/1.1" 200 20043
"GET /static/admin/css/forms.css HTTP/1.1" 200 8944
"GET /static/admin/css/forms.css HTTP/1.1" 200 8944
"GET /static/admin/js/calendar.js HTTP/1.1" 200 8466
"GET /static/admin/js/admin/DateTimeShortcuts.js HTTP/1.1" 200 19379
"GET /static/admin/js/calendar.js HTTP/1.1" 200 8466
"GET /static/admin/js/admin/DateTimeShortcuts.js HTTP/1.1" 200 19379
"GET /static/admin/js/SelectBox.js HTTP/1.1" 200 4360
"GET /static/admin/js/SelectBox.js HTTP/1.1" 200 4360
"GET /static/admin/js/SelectFilter2.js HTTP/1.1" 200 11317
"GET /static/admin/js/prepopulate_init.js HTTP/1.1" 200 586
"GET /static/admin/js/SelectFilter2.js HTTP/1.1" 200 11317
"GET /static/admin/js/prepopulate_init.js HTTP/1.1" 200 586
"GET /admin/jsi18n/ HTTP/1.1" 200 3343
"GET /admin/jsi18n/ HTTP/1.1" 200 3343
"GET /static/admin/css/widgets.css HTTP/1.1" 200 11297
"GET /static/admin/css/widgets.css HTTP/1.1" 200 11297
"GET /static/admin/js/change_form.js HTTP/1.1" 200 606
"GET /static/admin/js/change_form.js HTTP/1.1" 200 606
"GET /static/admin/img/icon-unknown-alt.svg HTTP/1.1" 200 655
"GET /static/admin/img/selector-icons.svg HTTP/1.1" 200 3291
"GET /static/admin/img/icon-unknown.svg HTTP/1.1" 200 655
"GET /static/admin/img/icon-calendar.svg HTTP/1.1" 200 1086
"GET /static/admin/img/icon-unknown-alt.svg HTTP/1.1" 200 655
"GET /static/admin/img/selector-icons.svg HTTP/1.1" 200 3291
"GET /static/admin/img/icon-unknown.svg HTTP/1.1" 200 655
"GET /static/admin/img/icon-calendar.svg HTTP/1.1" 200 1086
"GET /static/admin/img/icon-clock.svg HTTP/1.1" 200 677
"GET /static/admin/img/icon-clock.svg HTTP/1.1" 200 677
"POST /admin/auth/user/1/change/ HTTP/1.1" 302 0
"POST /admin/auth/user/1/change/ HTTP/1.1" 302 0
"GET /admin/auth/user/ HTTP/1.1" 200 10624
"GET /admin/auth/user/ HTTP/1.1" 200 10624
"GET /static/admin/img/icon-yes.svg HTTP/1.1" 200 436
"GET /static/admin/img/icon-yes.svg HTTP/1.1" 200 436
"GET /admin/jsi18n/ HTTP/1.1" 200 3343
"GET /admin/jsi18n/ HTTP/1.1" 200 3343
"GET /static/admin/img/sorting-icons.svg HTTP/1.1" 200 1097
"GET /static/admin/img/tooltag-add.svg HTTP/1.1" 200 331
"GET /static/admin/img/sorting-icons.svg HTTP/1.1" 200 1097
"GET /static/admin/img/tooltag-add.svg HTTP/1.1" 200 331
Watching for file changes with StatReloader
Watching for file changes with StatReloader
"GET /send_test HTTP/1.1" 301 0
"GET /send_test HTTP/1.1" 301 0
2024-10-10 12:36:31 test email sent
"GET /send_test/ HTTP/1.1" 200 16
"GET /send_test/ HTTP/1.1" 200 16
"GET /send_email/ HTTP/1.1" 200 818
"GET /send_email/ HTTP/1.1" 200 818
/usr/src/app/emailservice/settings.py changed, reloading.
/usr/src/app/emailservice/settings.py changed, reloading.
Watching for file changes with StatReloader
Watching for file changes with StatReloader
/usr/src/app/emailservice/settings.py changed, reloading.
/usr/src/app/emailservice/settings.py changed, reloading.
Watching for file changes with StatReloader
Watching for file changes with StatReloader
Watching for file changes with StatReloader
Watching for file changes with StatReloader
Watching for file changes with StatReloader
Watching for file changes with StatReloader
Watching for file changes with StatReloader
Watching for file changes with StatReloader
Watching for file changes with StatReloader
Watching for file changes with StatReloader
Watching for file changes with StatReloader
Watching for file changes with StatReloader
Watching for file changes with StatReloader
Watching for file changes with StatReloader
Watching for file changes with StatReloader
Watching for file changes with StatReloader
Watching for file changes with StatReloader
Watching for file changes with StatReloader
Watching for file changes with StatReloader
Watching for file changes with StatReloader
Watching for file changes with StatReloader
Watching for file changes with StatReloader
