Watching for file changes with StatReloader
2024-10-10 12:22:32 Отправка сообщения через форму. A:kristal.as@phystech.edu, Text:Аккаунт с именем пользователя: alex3000 был зарегистрирован на сайте https://mipt.site

Если это были вы, перейдите по ссылке для подтверждения аккаунта: https://mipt.site/proof/ksbd23n

Если это были не вы, перейдите по ссылке для отмены регистрации: https://mipt.site/cancel/sdfvf43

С уважением,
Сервис бронирования аудиторий МФТИ
info@mipt.site
https://mipt.site, Title:Регистрация нового пользователя alex3000
"POST /send_email/ HTTP/1.1" 200 37
2024-10-10 12:25:31 Отправка сообщения через форму. A:kristal.as@phystech.edu, Text:Аккаунт с именем пользователя: alex3001 был зарегистрирован на сайте https://mipt.site

Если это были вы, перейдите по ссылке для подтверждения аккаунта: https://mipt.site/proof/ksbd23n

Если это были не вы, перейдите по ссылке для отмены регистрации: https://mipt.site/cancel/sdfvf43

С уважением,
Сервис бронирования аудиторий МФТИ
info@mipt.site
https://mipt.site, Title:Регистрация нового пользователя alex3001
"POST /send_email/ HTTP/1.1" 200 37
2024-10-10 12:30:36 Отправка сообщения через форму. A:kristal.as@phystech.edu, Text:Уважаемый, st2257,

Вы забронировали аудиторию на сайте бронирования аудиторий МФТИ https://mipt.site

Параметры бронирования:
Номер аудитории: 414
Номер пары бронирования: 3
Число списанных баллов бронирования: 0

С уважением,
Сервис бронирования аудиторий МФТИ
info@mipt.site
https://mipt.site, Title:Бронирование аудитории 414ГК
"POST /send_email/ HTTP/1.1" 200 37
2024-10-10 12:30:38 Отправка сообщения через форму. A:kristal.as@phystech.edu, Text:Уважаемый, st2257,

Вы отменили бронирование аудитории 414ГК

С уважением,
Сервис бронирования аудиторий МФТИ
info@mipt.site
https://mipt.site, Title:Прекращение бронирования аудитории 414
"POST /send_email/ HTTP/1.1" 200 37
Watching for file changes with StatReloader
Watching for file changes with StatReloader
2024-10-10 13:15:59 Отправка сообщения через форму. A:kristal.as@phystech.edu, Text:Уважаемый, alex2024,

Вы забронировали аудиторию на сайте бронирования аудиторий МФТИ https://mipt.site

Параметры бронирования:
Номер аудитории: 411
Номер пары бронирования: 4
Число списанных баллов бронирования: 0

С уважением,
Сервис бронирования аудиторий МФТИ
info@mipt.site
https://mipt.site, Title:Бронирование аудитории 411ГК
"POST /send_email/ HTTP/1.1" 200 37
2024-10-10 13:16:01 Отправка сообщения через форму. A:kristal.as@phystech.edu, Text:Уважаемый, alex2024,

Вы отменили бронирование аудитории 411ГК

С уважением,
Сервис бронирования аудиторий МФТИ
info@mipt.site
https://mipt.site, Title:Прекращение бронирования аудитории 411
"POST /send_email/ HTTP/1.1" 200 37
2024-10-10 13:19:00 Отправка сообщения через форму. A:kristal.as@phystech.edu, Text:Аккаунт с именем пользователя: user101 был зарегистрирован на сайте https://mipt.site

Если это были вы, перейдите по ссылке для подтверждения аккаунта: https://mipt.site/proof/ksbd23n

Если это были не вы, перейдите по ссылке для отмены регистрации: https://mipt.site/cancel/sdfvf43

С уважением,
Сервис бронирования аудиторий МФТИ
info@mipt.site
https://mipt.site, Title:Регистрация нового пользователя user101
"POST /send_email/ HTTP/1.1" 200 37
2024-10-10 13:24:47 Отправка сообщения через форму. A:kristal.as@phystech.edu, Text:Аккаунт с именем пользователя: user102 был зарегистрирован на сайте https://mipt.site

Если это были вы, перейдите по ссылке для подтверждения аккаунта: https://mipt.site/proof/ksbd23n

Если это были не вы, перейдите по ссылке для отмены регистрации: https://mipt.site/cancel/sdfvf43

С уважением,
Сервис бронирования аудиторий МФТИ
info@mipt.site
https://mipt.site, Title:Регистрация нового пользователя user102
"POST /send_email/ HTTP/1.1" 200 37
2024-10-10 13:25:30 Отправка сообщения через форму. A:kristal.as@phystech.edu, Text:Аккаунт с именем пользователя: user103 был зарегистрирован на сайте https://mipt.site

Если это были вы, перейдите по ссылке для подтверждения аккаунта: https://mipt.site/proof/ksbd23n

Если это были не вы, перейдите по ссылке для отмены регистрации: https://mipt.site/cancel/sdfvf43

С уважением,
Сервис бронирования аудиторий МФТИ
info@mipt.site
https://mipt.site, Title:Регистрация нового пользователя user103
"POST /send_email/ HTTP/1.1" 200 37
2024-10-10 13:27:32 Отправка сообщения через форму. A:kristal.as@phystech.edu, Text:Аккаунт с именем пользователя: user104 был зарегистрирован на сайте https://mipt.site

Если это были вы, перейдите по ссылке для подтверждения аккаунта: https://mipt.site/proof/ksbd23n

Если это были не вы, перейдите по ссылке для отмены регистрации: https://mipt.site/cancel/sdfvf43

С уважением,
Сервис бронирования аудиторий МФТИ
info@mipt.site
https://mipt.site, Title:Регистрация нового пользователя user104
"POST /send_email/ HTTP/1.1" 200 37
2024-10-10 13:31:16 Отправка сообщения через форму. A:kristal.as@phystech.edu, Text:Аккаунт с именем пользователя: user105 был зарегистрирован на сайте https://mipt.site

Если это были вы, перейдите по ссылке для подтверждения аккаунта: https://mipt.site/proof/ksbd23n

Если это были не вы, перейдите по ссылке для отмены регистрации: https://mipt.site/cancel/sdfvf43

С уважением,
Сервис бронирования аудиторий МФТИ
info@mipt.site
https://mipt.site, Title:Регистрация нового пользователя user105
"POST /send_email/ HTTP/1.1" 200 37
2024-10-10 13:34:51 Отправка сообщения через форму. A:kristal.as@phystech.edu, Text:Аккаунт с именем пользователя: user106 был зарегистрирован на сайте https://mipt.site

Если это были вы, перейдите по ссылке для подтверждения аккаунта: https://mipt.site/proof/ksbd23n

Если это были не вы, перейдите по ссылке для отмены регистрации: https://mipt.site/cancel/sdfvf43

С уважением,
Сервис бронирования аудиторий МФТИ
info@mipt.site
https://mipt.site, Title:Регистрация нового пользователя user106
"POST /send_email/ HTTP/1.1" 200 37
2024-10-10 13:36:48 Отправка сообщения через форму. A:kristal.as@phystech.edu, Text:Уважаемый, user106,

Вы забронировали аудиторию на сайте бронирования аудиторий МФТИ https://mipt.site

Параметры бронирования:
Номер аудитории: 413
Номер пары бронирования: 3
Число списанных баллов бронирования: 0

С уважением,
Сервис бронирования аудиторий МФТИ
info@mipt.site
https://mipt.site, Title:Бронирование аудитории 413ГК
"POST /send_email/ HTTP/1.1" 200 37
2024-10-10 13:36:52 Отправка сообщения через форму. A:kristal.as@phystech.edu, Text:Уважаемый, user106,

Вы отменили бронирование аудитории 413ГК

С уважением,
Сервис бронирования аудиторий МФТИ
info@mipt.site
https://mipt.site, Title:Прекращение бронирования аудитории 413
"POST /send_email/ HTTP/1.1" 200 37
2024-10-10 13:37:47 Отправка сообщения через форму. A:reimova.ar@phystech.edu, Text:Уважаемый, aminareimova,

Вы забронировали аудиторию на сайте бронирования аудиторий МФТИ https://mipt.site

Параметры бронирования:
Номер аудитории: 517
Номер пары бронирования: 4
Число списанных баллов бронирования: 0

С уважением,
Сервис бронирования аудиторий МФТИ
info@mipt.site
https://mipt.site, Title:Бронирование аудитории 517ГК
"POST /send_email/ HTTP/1.1" 200 37
2024-10-10 13:38:22 Отправка сообщения через форму. A:reimova.ar@phystech.edu, Text:Уважаемый, aminareimova,

Вы отменили бронирование аудитории 517ГК

С уважением,
Сервис бронирования аудиторий МФТИ
info@mipt.site
https://mipt.site, Title:Прекращение бронирования аудитории 517
"POST /send_email/ HTTP/1.1" 200 37
2024-10-10 13:38:24 Отправка сообщения через форму. A:reimova.ar@phystech.edu, Text:Уважаемый, aminareimova,

Вы отменили бронирование аудитории 515ГК

С уважением,
Сервис бронирования аудиторий МФТИ
info@mipt.site
https://mipt.site, Title:Прекращение бронирования аудитории 515
"POST /send_email/ HTTP/1.1" 200 37
2024-10-10 13:40:12 Отправка сообщения через форму. A:kristal.as@phystech.edu, Text:Уважаемый, alex2024,

Вы забронировали аудиторию на сайте бронирования аудиторий МФТИ https://mipt.site

Параметры бронирования:
Номер аудитории: 516
Номер пары бронирования: 3
Число списанных баллов бронирования: 0

С уважением,
Сервис бронирования аудиторий МФТИ
info@mipt.site
https://mipt.site, Title:Бронирование аудитории 516ГК
"POST /send_email/ HTTP/1.1" 200 37
2024-10-10 13:40:31 Отправка сообщения через форму. A:kristal.as@phystech.edu, Text:Уважаемый, alex2024,

Вы отменили бронирование аудитории 516ГК

С уважением,
Сервис бронирования аудиторий МФТИ
info@mipt.site
https://mipt.site, Title:Прекращение бронирования аудитории 516
"POST /send_email/ HTTP/1.1" 200 37
